<?xml version="1.0" encoding="UTF-8"?>
<!-- Generated by org.testng.reporters.JUnitReportReporter -->
<testsuite hostname="DESKTOP-SHMFJPE" name="testNGExamples.ff" tests="1" failures="0" timestamp="21 Aug 2019 16:26:23 GMT" time="0.015" errors="0">
  <testcase name="tc" time="0.015" classname="testNGExamples.ff"/>
</testsuite> <!-- testNGExamples.ff -->
