<?xml version="1.0" encoding="UTF-8"?>
<!-- Generated by org.testng.reporters.JUnitReportReporter -->
<testsuite hostname="DESKTOP-SHMFJPE" name="testNGExamples.Tc_5130" tests="4" failures="0" timestamp="21 Aug 2019 16:39:44 GMT" time="0.016" errors="0">
  <testcase name="meth2" time="0.002" classname="testNGExamples.Tc_5130"/>
  <testcase name="meth4" time="0.000" classname="testNGExamples.Tc_5130"/>
  <testcase name="meth1" time="0.013" classname="testNGExamples.Tc_5130"/>
  <testcase name="meth3" time="0.001" classname="testNGExamples.Tc_5130"/>
</testsuite> <!-- testNGExamples.Tc_5130 -->
