<?xml version="1.0" encoding="UTF-8"?>
<!-- Generated by org.testng.reporters.JUnitReportReporter -->
<testsuite hostname="DESKTOP-SHMFJPE" name="testNGExamples.Annotationsexample" tests="2" failures="0" timestamp="20 Aug 2019 13:34:21 GMT" time="0.004" errors="0">
  <testcase name="delemp" time="0.004" classname="testNGExamples.Annotationsexample"/>
  <testcase name="addemp" time="0.000" classname="testNGExamples.Annotationsexample"/>
</testsuite> <!-- testNGExamples.Annotationsexample -->
