<?xml version="1.0" encoding="UTF-8"?>
<!-- Generated by org.testng.reporters.JUnitReportReporter -->
<testsuite hostname="DESKTOP-SHMFJPE" name="testNGExamples.TC_TestNG" tests="2" failures="0" timestamp="20 Aug 2019 06:57:18 GMT" time="0.008" errors="0">
  <testcase name="login" time="0.008" classname="testNGExamples.TC_TestNG"/>
  <testcase name="logout" time="0.000" classname="testNGExamples.TC_TestNG"/>
</testsuite> <!-- testNGExamples.TC_TestNG -->
