<?xml version="1.0" encoding="UTF-8"?>
<!-- Generated by org.testng.reporters.JUnitReportReporter -->
<testsuite hostname="DESKTOP-SHMFJPE" name="testNg.Tc_TestNG$TC_TestNG" tests="2" failures="0" timestamp="22 Aug 2019 16:19:20 GMT" time="0.016" errors="0">
  <testcase name="logout" time="0.002" classname="testNg.Tc_TestNG$TC_TestNG"/>
  <testcase name="login" time="0.014" classname="testNg.Tc_TestNG$TC_TestNG"/>
</testsuite> <!-- testNg.Tc_TestNG$TC_TestNG -->
