<?xml version="1.0" encoding="UTF-8"?>
<!-- Generated by org.testng.reporters.JUnitReportReporter -->
<testsuite hostname="DESKTOP-SHMFJPE" name="com.hrms.Testscript.TC_101" tests="1" failures="0" timestamp="23 Aug 2019 05:28:53 GMT" time="10.130" errors="0">
  <testcase name="login" time="10.130" classname="com.hrms.Testscript.TC_101"/>
</testsuite> <!-- com.hrms.Testscript.TC_101 -->
